{"synthetic": false,
 "schemaVersion": "2025-09-10",
 "outputs":
 {"o": ["0a64eb59105e5aac.olean"],
  "m": false,
  "i": "9fa608ded8ee8ed4.ilean",
  "c": "1061498fa6b43b65.c"},
 "log":
 [{"message":
   ".> LEAN_PATH=/home/chaschel/Documents/go/bmc/BMC/.lake/build/lib/lean /home/chaschel/.elan/toolchains/leanprover--lean4---v4.31.0/bin/lean /home/chaschel/Documents/go/bmc/BMC/BMC/ClockReadiness.lean -o /home/chaschel/Documents/go/bmc/BMC/.lake/build/lib/lean/BMC/ClockReadiness.olean -i /home/chaschel/Documents/go/bmc/BMC/.lake/build/lib/lean/BMC/ClockReadiness.ilean -c /home/chaschel/Documents/go/bmc/BMC/.lake/build/ir/BMC/ClockReadiness.c --setup /home/chaschel/Documents/go/bmc/BMC/.lake/build/ir/BMC/ClockReadiness.setup.json --json",
   "level": "trace"}],
 "inputs":
 [["BMC.ClockReadiness:deps",
   [["deps",
     [["bmc/BMC:extraDep", [["@bmc:extraDep", "00000000000006bb"]]],
      ["imports",
       [["BMC.ToyReport transitive imports (legacy)", "00000000000006bb"],
        ["BMC.ToyReport:importAllArts", "6b4a9946a2bb0af5"]]]]],
    ["libs",
     [["import dynlibs", "00000000000006bb"],
      ["package external libraries", "00000000000006bb"],
      ["module dynlibs", "00000000000006bb"],
      ["module plugins", "00000000000006bb"]]]]],
  ["Lean 4.31.0, commit 68218e876d2a38b1985b8590fff244a83c321783",
   "fc45ac412f28501c"],
  ["/home/chaschel/Documents/go/bmc/BMC/BMC/ClockReadiness.lean",
   "b6270a385d832f65"],
  ["options", "00000000000006bb"],
  ["isModule: false", "feefd2a0d3a1847e"],
  ["Module.name: BMC.ClockReadiness", "56c8f983a6f29ca3"],
  ["Package.id?: (some bmc)", "7e0655f117fcc781"],
  ["Module.leanArgs: #[]", "00000000000006bb"]],
 "depHash": "cd48696d74779db9"}