{"synthetic": false,
 "schemaVersion": "2025-09-10",
 "outputs":
 {"o": ["ba21d6fb04e3e82b.olean"],
  "m": false,
  "i": "6a50119d2b567bc3.ilean",
  "c": "13dcd800d91c24d8.c"},
 "log":
 [{"message":
   ".> LEAN_PATH=/home/chaschel/Documents/go/bmc/BMC/.lake/build/lib/lean /home/chaschel/.elan/toolchains/leanprover--lean4---v4.31.0/bin/lean /home/chaschel/Documents/go/bmc/BMC/BMC/FriedmannSpec.lean -o /home/chaschel/Documents/go/bmc/BMC/.lake/build/lib/lean/BMC/FriedmannSpec.olean -i /home/chaschel/Documents/go/bmc/BMC/.lake/build/lib/lean/BMC/FriedmannSpec.ilean -c /home/chaschel/Documents/go/bmc/BMC/.lake/build/ir/BMC/FriedmannSpec.c --setup /home/chaschel/Documents/go/bmc/BMC/.lake/build/ir/BMC/FriedmannSpec.setup.json --json",
   "level": "trace"}],
 "inputs":
 [["BMC.FriedmannSpec:deps",
   [["deps",
     [["bmc/BMC:extraDep", [["@bmc:extraDep", "00000000000006bb"]]],
      ["imports",
       [["BMC.ToyReport transitive imports (legacy)", "00000000000006bb"],
        ["BMC.ToyReport:importAllArts", "6b4a9946a2bb0af5"]]]]],
    ["libs",
     [["import dynlibs", "00000000000006bb"],
      ["package external libraries", "00000000000006bb"],
      ["module dynlibs", "00000000000006bb"],
      ["module plugins", "00000000000006bb"]]]]],
  ["Lean 4.31.0, commit 68218e876d2a38b1985b8590fff244a83c321783",
   "fc45ac412f28501c"],
  ["/home/chaschel/Documents/go/bmc/BMC/BMC/FriedmannSpec.lean",
   "c116b8d374bec325"],
  ["options", "00000000000006bb"],
  ["isModule: false", "feefd2a0d3a1847e"],
  ["Module.name: BMC.FriedmannSpec", "e0cde86a7e900dfd"],
  ["Package.id?: (some bmc)", "7e0655f117fcc781"],
  ["Module.leanArgs: #[]", "00000000000006bb"]],
 "depHash": "5f62b65607e8d9ff"}