{"synthetic": false,
 "schemaVersion": "2025-09-10",
 "outputs":
 {"o": ["991f9eae4286718d.olean"],
  "m": false,
  "i": "02f07a85c4a8cb93.ilean",
  "c": "5ce221a273d67826.c"},
 "log":
 [{"message":
   ".> LEAN_PATH=/home/chaschel/Documents/go/bmc/BMC/.lake/build/lib/lean /home/chaschel/.elan/toolchains/leanprover--lean4---v4.31.0/bin/lean /home/chaschel/Documents/go/bmc/BMC/BMC/NullRun.lean -o /home/chaschel/Documents/go/bmc/BMC/.lake/build/lib/lean/BMC/NullRun.olean -i /home/chaschel/Documents/go/bmc/BMC/.lake/build/lib/lean/BMC/NullRun.ilean -c /home/chaschel/Documents/go/bmc/BMC/.lake/build/ir/BMC/NullRun.c --setup /home/chaschel/Documents/go/bmc/BMC/.lake/build/ir/BMC/NullRun.setup.json --json",
   "level": "trace"}],
 "inputs":
 [["BMC.NullRun:deps",
   [["deps",
     [["bmc/BMC:extraDep", [["@bmc:extraDep", "00000000000006bb"]]],
      ["imports", "00000000000006bb"]]],
    ["libs",
     [["import dynlibs", "00000000000006bb"],
      ["package external libraries", "00000000000006bb"],
      ["module dynlibs", "00000000000006bb"],
      ["module plugins", "00000000000006bb"]]]]],
  ["Lean 4.31.0, commit 68218e876d2a38b1985b8590fff244a83c321783",
   "fc45ac412f28501c"],
  ["/home/chaschel/Documents/go/bmc/BMC/BMC/NullRun.lean", "547471ba995900d2"],
  ["options", "00000000000006bb"],
  ["isModule: false", "feefd2a0d3a1847e"],
  ["Module.name: BMC.NullRun", "bc6e37644a0ea239"],
  ["Package.id?: (some bmc)", "7e0655f117fcc781"],
  ["Module.leanArgs: #[]", "00000000000006bb"]],
 "depHash": "fca6c22e846e7a10"}