{"synthetic": false,
 "schemaVersion": "2025-09-10",
 "outputs":
 {"o": ["b1e5d2236cac19d9.olean"],
  "m": false,
  "i": "3ddad6a1b0e992d0.ilean",
  "c": "adeea0ec084f1d1f.c"},
 "log":
 [{"message":
   ".> LEAN_PATH=/home/chaschel/Documents/go/bmc/BMC/.lake/build/lib/lean /home/chaschel/.elan/toolchains/leanprover--lean4---v4.31.0/bin/lean /home/chaschel/Documents/go/bmc/BMC/BMC/PriorArtBoundary.lean -o /home/chaschel/Documents/go/bmc/BMC/.lake/build/lib/lean/BMC/PriorArtBoundary.olean -i /home/chaschel/Documents/go/bmc/BMC/.lake/build/lib/lean/BMC/PriorArtBoundary.ilean -c /home/chaschel/Documents/go/bmc/BMC/.lake/build/ir/BMC/PriorArtBoundary.c --setup /home/chaschel/Documents/go/bmc/BMC/.lake/build/ir/BMC/PriorArtBoundary.setup.json --json",
   "level": "trace"}],
 "inputs":
 [["BMC.PriorArtBoundary:deps",
   [["deps",
     [["bmc/BMC:extraDep", [["@bmc:extraDep", "00000000000006bb"]]],
      ["imports", "00000000000006bb"]]],
    ["libs",
     [["import dynlibs", "00000000000006bb"],
      ["package external libraries", "00000000000006bb"],
      ["module dynlibs", "00000000000006bb"],
      ["module plugins", "00000000000006bb"]]]]],
  ["Lean 4.31.0, commit 68218e876d2a38b1985b8590fff244a83c321783",
   "fc45ac412f28501c"],
  ["/home/chaschel/Documents/go/bmc/BMC/BMC/PriorArtBoundary.lean",
   "b7fe33c10f0f53a5"],
  ["options", "00000000000006bb"],
  ["isModule: false", "feefd2a0d3a1847e"],
  ["Module.name: BMC.PriorArtBoundary", "7f30c771429540fc"],
  ["Package.id?: (some bmc)", "7e0655f117fcc781"],
  ["Module.leanArgs: #[]", "00000000000006bb"]],
 "depHash": "1bd30e89e079a7eb"}