{"synthetic": false,
 "schemaVersion": "2025-09-10",
 "outputs":
 {"o": ["439d305f8f9c6fe7.olean"],
  "m": false,
  "i": "a1e08f6b4ac51ca6.ilean",
  "c": "d6aec9d466f458e1.c"},
 "log":
 [{"message":
   ".> LEAN_PATH=/home/chaschel/Documents/go/bmc/BMC/.lake/build/lib/lean /home/chaschel/.elan/toolchains/leanprover--lean4---v4.31.0/bin/lean /home/chaschel/Documents/go/bmc/BMC/BMC/ResidualRun.lean -o /home/chaschel/Documents/go/bmc/BMC/.lake/build/lib/lean/BMC/ResidualRun.olean -i /home/chaschel/Documents/go/bmc/BMC/.lake/build/lib/lean/BMC/ResidualRun.ilean -c /home/chaschel/Documents/go/bmc/BMC/.lake/build/ir/BMC/ResidualRun.c --setup /home/chaschel/Documents/go/bmc/BMC/.lake/build/ir/BMC/ResidualRun.setup.json --json",
   "level": "trace"}],
 "inputs":
 [["BMC.ResidualRun:deps",
   [["deps",
     [["bmc/BMC:extraDep", [["@bmc:extraDep", "00000000000006bb"]]],
      ["imports", "00000000000006bb"]]],
    ["libs",
     [["import dynlibs", "00000000000006bb"],
      ["package external libraries", "00000000000006bb"],
      ["module dynlibs", "00000000000006bb"],
      ["module plugins", "00000000000006bb"]]]]],
  ["Lean 4.31.0, commit 68218e876d2a38b1985b8590fff244a83c321783",
   "fc45ac412f28501c"],
  ["/home/chaschel/Documents/go/bmc/BMC/BMC/ResidualRun.lean",
   "147a2045fa08b9ed"],
  ["options", "00000000000006bb"],
  ["isModule: false", "feefd2a0d3a1847e"],
  ["Module.name: BMC.ResidualRun", "0bbfb1b4e8a1aea0"],
  ["Package.id?: (some bmc)", "7e0655f117fcc781"],
  ["Module.leanArgs: #[]", "00000000000006bb"]],
 "depHash": "afe26b27a4c93f39"}