{"synthetic": false,
 "schemaVersion": "2025-09-10",
 "outputs":
 {"o": ["aa4c1f759fdd37e7.olean"],
  "m": false,
  "i": "3585df6512e24372.ilean",
  "c": "ffdedc6f3adcb9b2.c"},
 "log":
 [{"message":
   ".> LEAN_PATH=/home/chaschel/Documents/go/bmc/BMC/.lake/build/lib/lean /home/chaschel/.elan/toolchains/leanprover--lean4---v4.31.0/bin/lean /home/chaschel/Documents/go/bmc/BMC/BMC/ResidualAudit.lean -o /home/chaschel/Documents/go/bmc/BMC/.lake/build/lib/lean/BMC/ResidualAudit.olean -i /home/chaschel/Documents/go/bmc/BMC/.lake/build/lib/lean/BMC/ResidualAudit.ilean -c /home/chaschel/Documents/go/bmc/BMC/.lake/build/ir/BMC/ResidualAudit.c --setup /home/chaschel/Documents/go/bmc/BMC/.lake/build/ir/BMC/ResidualAudit.setup.json --json",
   "level": "trace"}],
 "inputs":
 [["BMC.ResidualAudit:deps",
   [["deps",
     [["bmc/BMC:extraDep", [["@bmc:extraDep", "00000000000006bb"]]],
      ["imports", "00000000000006bb"]]],
    ["libs",
     [["import dynlibs", "00000000000006bb"],
      ["package external libraries", "00000000000006bb"],
      ["module dynlibs", "00000000000006bb"],
      ["module plugins", "00000000000006bb"]]]]],
  ["Lean 4.31.0, commit 68218e876d2a38b1985b8590fff244a83c321783",
   "fc45ac412f28501c"],
  ["/home/chaschel/Documents/go/bmc/BMC/BMC/ResidualAudit.lean",
   "f238667fbfc14ea4"],
  ["options", "00000000000006bb"],
  ["isModule: false", "feefd2a0d3a1847e"],
  ["Module.name: BMC.ResidualAudit", "6b4cb65e9c219473"],
  ["Package.id?: (some bmc)", "7e0655f117fcc781"],
  ["Module.leanArgs: #[]", "00000000000006bb"]],
 "depHash": "386a09e2e03c00ba"}