{"synthetic": false,
 "schemaVersion": "2025-09-10",
 "outputs":
 {"o": ["aaf5b17dc65c0dc3.olean"],
  "m": false,
  "i": "926a68fc73952afc.ilean",
  "c": "33134f0d3407a5cf.c"},
 "log":
 [{"message":
   ".> LEAN_PATH=/home/chaschel/Documents/go/bmc/BMC/.lake/build/lib/lean /home/chaschel/.elan/toolchains/leanprover--lean4---v4.31.0/bin/lean /home/chaschel/Documents/go/bmc/BMC/BMC/Robustness.lean -o /home/chaschel/Documents/go/bmc/BMC/.lake/build/lib/lean/BMC/Robustness.olean -i /home/chaschel/Documents/go/bmc/BMC/.lake/build/lib/lean/BMC/Robustness.ilean -c /home/chaschel/Documents/go/bmc/BMC/.lake/build/ir/BMC/Robustness.c --setup /home/chaschel/Documents/go/bmc/BMC/.lake/build/ir/BMC/Robustness.setup.json --json",
   "level": "trace"}],
 "inputs":
 [["BMC.Robustness:deps",
   [["deps",
     [["bmc/BMC:extraDep", [["@bmc:extraDep", "00000000000006bb"]]],
      ["imports",
       [["BMC.ToyReport transitive imports (legacy)", "00000000000006bb"],
        ["BMC.ToyReport:importAllArts", "6b4a9946a2bb0af5"]]]]],
    ["libs",
     [["import dynlibs", "00000000000006bb"],
      ["package external libraries", "00000000000006bb"],
      ["module dynlibs", "00000000000006bb"],
      ["module plugins", "00000000000006bb"]]]]],
  ["Lean 4.31.0, commit 68218e876d2a38b1985b8590fff244a83c321783",
   "fc45ac412f28501c"],
  ["/home/chaschel/Documents/go/bmc/BMC/BMC/Robustness.lean",
   "fad7067055544e84"],
  ["options", "00000000000006bb"],
  ["isModule: false", "feefd2a0d3a1847e"],
  ["Module.name: BMC.Robustness", "85e4fcfd3e1a9ed8"],
  ["Package.id?: (some bmc)", "7e0655f117fcc781"],
  ["Module.leanArgs: #[]", "00000000000006bb"]],
 "depHash": "885c3a7e010d3b6d"}