{"synthetic": false,
 "schemaVersion": "2025-09-10",
 "outputs":
 {"o": ["8cdc7721e366e056.olean"],
  "m": false,
  "i": "b7b13769963fab5c.ilean",
  "c": "73eb929798216ff9.c"},
 "log":
 [{"message":
   ".> LEAN_PATH=/home/chaschel/Documents/go/bmc/BMC/.lake/build/lib/lean /home/chaschel/.elan/toolchains/leanprover--lean4---v4.31.0/bin/lean /home/chaschel/Documents/go/bmc/BMC/BMC.lean -o /home/chaschel/Documents/go/bmc/BMC/.lake/build/lib/lean/BMC.olean -i /home/chaschel/Documents/go/bmc/BMC/.lake/build/lib/lean/BMC.ilean -c /home/chaschel/Documents/go/bmc/BMC/.lake/build/ir/BMC.c --setup /home/chaschel/Documents/go/bmc/BMC/.lake/build/ir/BMC.setup.json --json",
   "level": "trace"}],
 "inputs":
 [["BMC:deps",
   [["deps",
     [["bmc/BMC:extraDep", [["@bmc:extraDep", "00000000000006bb"]]],
      ["imports",
       [["BMC.ToyReport transitive imports (legacy)", "00000000000006bb"],
        ["BMC.ToyReport:importAllArts", "6b4a9946a2bb0af5"],
        ["BMC.Promotion transitive imports (legacy)", "53d5112a2ad810b7"],
        ["BMC.Promotion:importAllArts", "a4a4f23ba1b75382"],
        ["BMC.Robustness transitive imports (legacy)", "53d5112a2ad810b7"],
        ["BMC.Robustness:importAllArts", "a751da155ceb0746"],
        ["BMC.ClockFragility transitive imports (legacy)", "53d5112a2ad810b7"],
        ["BMC.ClockFragility:importAllArts", "6be74160d8944ebd"]]]]],
    ["libs",
     [["import dynlibs", "00000000000006bb"],
      ["package external libraries", "00000000000006bb"],
      ["module dynlibs", "00000000000006bb"],
      ["module plugins", "00000000000006bb"]]]]],
  ["Lean 4.31.0, commit 68218e876d2a38b1985b8590fff244a83c321783",
   "fc45ac412f28501c"],
  ["/home/chaschel/Documents/go/bmc/BMC/BMC.lean", "11dfb24f7ebc4f6a"],
  ["options", "00000000000006bb"],
  ["isModule: false", "feefd2a0d3a1847e"],
  ["Module.name: BMC", "c35ba4f1a96d6dca"],
  ["Package.id?: (some bmc)", "7e0655f117fcc781"],
  ["Module.leanArgs: #[]", "00000000000006bb"]],
 "depHash": "c4ec0d5b4933c4ba"}